<?xml version="1.0" encoding="UTF-8"?>
<!-- Generated by org.testng.reporters.JUnitReportReporter -->
<testsuite hostname="DESKTOP-7BLU4QM" name="com.Vcentry.tnstc.testcases.RegPageTest" tests="4" failures="0" timestamp="10 Aug 2019 11:15:03 GMT" time="23.072" errors="0">
  <testcase name="validateRegpage" time="1.294" classname="com.Vcentry.tnstc.testcases.RegPageTest"/>
  <testcase name="validateRegpage" time="1.420" classname="com.Vcentry.tnstc.testcases.RegPageTest"/>
  <testcase name="validateRegpage" time="1.267" classname="com.Vcentry.tnstc.testcases.RegPageTest"/>
  <testcase name="validateRegpage" time="19.091" classname="com.Vcentry.tnstc.testcases.RegPageTest"/>
</testsuite> <!-- com.Vcentry.tnstc.testcases.RegPageTest -->
