<?xml version="1.0" encoding="UTF-8"?>
<!-- Generated by org.testng.reporters.JUnitReportReporter -->
<testsuite hostname="DESKTOP-7BLU4QM" name="temp.ReportTest" tests="3" failures="0" timestamp="4 Aug 2019 13:02:06 GMT" time="47.921" errors="0">
  <testcase name="validlogin" time="20.633" classname="temp.ReportTest"/>
  <testcase name="invalidlogin" time="8.518" classname="temp.ReportTest"/>
  <testcase name="duplicatelogin" time="18.770" classname="temp.ReportTest"/>
</testsuite> <!-- temp.ReportTest -->
